==================== Unmount all devices Open Section ====================
1/22/2015 3:58:29 PM: Try remove - I:: ERROR 2250- Connection does not exist
1/22/2015 3:58:29 PM: Try remove - H:: ERROR 2250- Connection does not exist
1/22/2015 3:58:29 PM: Try remove - S:: ERROR 2250- Connection does not exist
1/22/2015 3:58:29 PM: Try remove - lpt3:: ERROR 2250- Connection does not exist
1/22/2015 3:58:29 PM: Try remove - lpt4:: ERROR 2250- Connection does not exist
1/22/2015 3:58:29 PM: Try remove - lpt5:: ERROR 2250- Connection does not exist
1/22/2015 3:58:29 PM: Try remove - lpt6:: ERROR 2250- Connection does not exist
==================== Unmount all devices Close Section ====================
==================== Unmount all devices Open Section ====================
1/22/2015 3:58:34 PM: Try remove - I:: ERROR 2250- Connection does not exist
1/22/2015 3:58:34 PM: Try remove - H:: ERROR 2250- Connection does not exist
1/22/2015 3:58:34 PM: Try remove - S:: ERROR 2250- Connection does not exist
1/22/2015 3:58:34 PM: Try remove - lpt3:: ERROR 2250- Connection does not exist
1/22/2015 3:58:34 PM: Try remove - lpt4:: ERROR 2250- Connection does not exist
1/22/2015 3:58:34 PM: Try remove - lpt5:: ERROR 2250- Connection does not exist
1/22/2015 3:58:34 PM: Try remove - lpt6:: ERROR 2250- Connection does not exist
==================== Unmount all devices Close Section ====================
==================== Unmount all devices Open Section ====================
1/22/2015 4:44:45 PM: Try remove - I:: ERROR 2250- Connection does not exist
1/22/2015 4:44:45 PM: Try remove - H:: ERROR 2250- Connection does not exist
1/22/2015 4:44:45 PM: Try remove - S:: ERROR 2250- Connection does not exist
1/22/2015 4:44:45 PM: Try remove - lpt3:: ERROR 2250- Connection does not exist
1/22/2015 4:44:45 PM: Try remove - lpt4:: ERROR 2250- Connection does not exist
1/22/2015 4:44:45 PM: Try remove - lpt5:: ERROR 2250- Connection does not exist
1/22/2015 4:44:45 PM: Try remove - lpt6:: ERROR 2250- Connection does not exist
==================== Unmount all devices Close Section ====================
